[debug] [2023-02-03T22:27:48.182Z] ----------------------------------------------------------------------
[debug] [2023-02-03T22:27:48.185Z] Command:       /usr/local/bin/node /usr/local/bin/firebase init
[debug] [2023-02-03T22:27:48.185Z] CLI Version:   11.22.0
[debug] [2023-02-03T22:27:48.186Z] Platform:      darwin
[debug] [2023-02-03T22:27:48.186Z] Node Version:  v18.13.0
[debug] [2023-02-03T22:27:48.187Z] Time:          Fri Feb 03 2023 23:27:48 GMT+0100 (West Africa Standard Time)
[debug] [2023-02-03T22:27:48.188Z] ----------------------------------------------------------------------
[debug] 
[debug] [2023-02-03T22:27:48.191Z] >>> [apiv2][query] GET https://firebase-public.firebaseio.com/cli.json [none]
[debug] [2023-02-03T22:27:48.264Z] > command requires scopes: ["email","openid","https://www.googleapis.com/auth/cloudplatformprojects.readonly","https://www.googleapis.com/auth/firebase","https://www.googleapis.com/auth/cloud-platform"]
[debug] [2023-02-03T22:27:48.264Z] > authorizing via signed-in user (adeyemiakinyemi01@gmail.com)
[info] 
     ######## #### ########  ######## ########     ###     ######  ########
     ##        ##  ##     ## ##       ##     ##  ##   ##  ##       ##
     ######    ##  ########  ######   ########  #########  ######  ######
     ##        ##  ##    ##  ##       ##     ## ##     ##       ## ##
     ##       #### ##     ## ######## ########  ##     ##  ######  ########

You're about to initialize a Firebase project in this directory:

  /Users/user/Desktop/tictactoe

[debug] [2023-02-03T22:27:48.840Z] <<< [apiv2][status] GET https://firebase-public.firebaseio.com/cli.json 200
[debug] [2023-02-03T22:27:48.840Z] <<< [apiv2][body] GET https://firebase-public.firebaseio.com/cli.json {"cloudBuildErrorAfter":1594252800000,"cloudBuildWarnAfter":1590019200000,"defaultNode10After":1594252800000,"minVersion":"3.0.5","node8DeploysDisabledAfter":1613390400000,"node8RuntimeDisabledAfter":1615809600000,"node8WarnAfter":1600128000000}
[info] 
=== Project Setup
[info] 
[info] First, let's associate this project directory with a Firebase project.
[info] You can create multiple project aliases by running firebase use --add, 
[info] but for now we'll just set up a default project.
[info] 
